Looking for git in: git
Using git 2.17.1 from git
> git rev-parse --git-dir
Open repository: /home/miapferreira/estudos/terraform/aws-ec2-template
> git status -z -u
> git symbolic-ref --short HEAD
> git for-each-ref --format=%(refname)%00%(upstream:short)%00%(upstream:track)%00%(objectname) refs/heads/main refs/remotes/main
> git for-each-ref --sort -committerdate --format %(refname) %(objectname) %(*objectname)
> git remote --verbose
Warning: Failed to watch ref '/home/miapferreira/estudos/terraform/aws-ec2-template/.git/refs/remotes/origin/main', is most likely packed.
> git config --get commit.template
> git check-ignore -v -z --stdin
> git status -z -u
> git check-ignore -v -z --stdin
> git symbolic-ref --short HEAD
> git for-each-ref --format=%(refname)%00%(upstream:short)%00%(upstream:track)%00%(objectname) refs/heads/main refs/remotes/main
> git show --textconv :provider.tf
> git ls-files --stage -- /home/miapferreira/estudos/terraform/aws-ec2-template/provider.tf
> git for-each-ref --sort -committerdate --format %(refname) %(objectname) %(*objectname)
> git remote --verbose
Warning: Failed to watch ref '/home/miapferreira/estudos/terraform/aws-ec2-template/.git/refs/remotes/origin/main', is most likely packed.
> git config --get commit.template
> git log --format=%H%n%aN%n%aE%n%at%n%ct%n%P%n%B -z -n21 -- /home/miapferreira/estudos/terraform/aws-ec2-template/provider.tf
> git status -z -u
> git symbolic-ref --short HEAD
> git for-each-ref --format=%(refname)%00%(upstream:short)%00%(upstream:track)%00%(objectname) refs/heads/main refs/remotes/main
> git for-each-ref --sort -committerdate --format %(refname) %(objectname) %(*objectname)
> git remote --verbose
Warning: Failed to watch ref '/home/miapferreira/estudos/terraform/aws-ec2-template/.git/refs/remotes/origin/main', is most likely packed.
> git config --get commit.template
> git show --textconv :provider.tf
> git ls-files --stage -- /home/miapferreira/estudos/terraform/aws-ec2-template/provider.tf
> git show --textconv :variables.tf
> git ls-files --stage -- /home/miapferreira/estudos/terraform/aws-ec2-template/variables.tf
> git check-ignore -v -z --stdin
> git status -z -u
> git symbolic-ref --short HEAD
> git for-each-ref --format=%(refname)%00%(upstream:short)%00%(upstream:track)%00%(objectname) refs/heads/main refs/remotes/main
> git for-each-ref --sort -committerdate --format %(refname) %(objectname) %(*objectname)
> git remote --verbose
Warning: Failed to watch ref '/home/miapferreira/estudos/terraform/aws-ec2-template/.git/refs/remotes/origin/main', is most likely packed.
> git config --get commit.template
> git show --textconv :provider.tf
> git ls-files --stage -- /home/miapferreira/estudos/terraform/aws-ec2-template/provider.tf
> git show --textconv :variables.tf
> git ls-files --stage -- /home/miapferreira/estudos/terraform/aws-ec2-template/variables.tf
> git show --textconv :ec2.tf
> git ls-files --stage -- /home/miapferreira/estudos/terraform/aws-ec2-template/ec2.tf
> git check-ignore -v -z --stdin
> git status -z -u
> git symbolic-ref --short HEAD
> git for-each-ref --format=%(refname)%00%(upstream:short)%00%(upstream:track)%00%(objectname) refs/heads/main refs/remotes/main
> git for-each-ref --sort -committerdate --format %(refname) %(objectname) %(*objectname)
> git remote --verbose
Warning: Failed to watch ref '/home/miapferreira/estudos/terraform/aws-ec2-template/.git/refs/remotes/origin/main', is most likely packed.
> git config --get commit.template
> git show --textconv :variables.tf
> git ls-files --stage -- /home/miapferreira/estudos/terraform/aws-ec2-template/variables.tf
> git show --textconv :data.tf
> git ls-files --stage -- /home/miapferreira/estudos/terraform/aws-ec2-template/data.tf
> git check-ignore -v -z --stdin
> git status -z -u
> git symbolic-ref --short HEAD
> git for-each-ref --format=%(refname)%00%(upstream:short)%00%(upstream:track)%00%(objectname) refs/heads/main refs/remotes/main
> git for-each-ref --sort -committerdate --format %(refname) %(objectname) %(*objectname)
> git remote --verbose
Warning: Failed to watch ref '/home/miapferreira/estudos/terraform/aws-ec2-template/.git/refs/remotes/origin/main', is most likely packed.
> git config --get commit.template
> git show --textconv :ec2.tf
> git ls-files --stage -- /home/miapferreira/estudos/terraform/aws-ec2-template/ec2.tf
> git show --textconv :data.tf
> git ls-files --stage -- /home/miapferreira/estudos/terraform/aws-ec2-template/data.tf
> git show --textconv :variables.tf
> git ls-files --stage -- /home/miapferreira/estudos/terraform/aws-ec2-template/variables.tf
> git show --textconv :ec2.tf
> git ls-files --stage -- /home/miapferreira/estudos/terraform/aws-ec2-template/ec2.tf
> git show --textconv :variables.tf
> git ls-files --stage -- /home/miapferreira/estudos/terraform/aws-ec2-template/variables.tf
> git show --textconv :ec2.tf
> git ls-files --stage -- /home/miapferreira/estudos/terraform/aws-ec2-template/ec2.tf
> git show --textconv :variables.tf
> git ls-files --stage -- /home/miapferreira/estudos/terraform/aws-ec2-template/variables.tf
> git show --textconv :data.tf
> git ls-files --stage -- /home/miapferreira/estudos/terraform/aws-ec2-template/data.tf
> git show --textconv :ec2.tf
> git ls-files --stage -- /home/miapferreira/estudos/terraform/aws-ec2-template/ec2.tf
> git show --textconv :variables.tf
> git ls-files --stage -- /home/miapferreira/estudos/terraform/aws-ec2-template/variables.tf
> git show --textconv :security-group.tf
> git ls-files --stage -- /home/miapferreira/estudos/terraform/aws-ec2-template/security-group.tf
> git check-ignore -v -z --stdin
> git status -z -u
> git symbolic-ref --short HEAD
> git for-each-ref --format=%(refname)%00%(upstream:short)%00%(upstream:track)%00%(objectname) refs/heads/main refs/remotes/main
> git for-each-ref --sort -committerdate --format %(refname) %(objectname) %(*objectname)
> git remote --verbose
Warning: Failed to watch ref '/home/miapferreira/estudos/terraform/aws-ec2-template/.git/refs/remotes/origin/main', is most likely packed.
> git config --get commit.template
> git show --textconv :variables.tf
> git ls-files --stage -- /home/miapferreira/estudos/terraform/aws-ec2-template/variables.tf
> git show --textconv :security-group.tf
> git ls-files --stage -- /home/miapferreira/estudos/terraform/aws-ec2-template/security-group.tf
> git show --textconv :vpc.tf
> git ls-files --stage -- /home/miapferreira/estudos/terraform/aws-ec2-template/vpc.tf
> git check-ignore -v -z --stdin
> git status -z -u
> git symbolic-ref --short HEAD
> git for-each-ref --format=%(refname)%00%(upstream:short)%00%(upstream:track)%00%(objectname) refs/heads/main refs/remotes/main
> git for-each-ref --sort -committerdate --format %(refname) %(objectname) %(*objectname)
> git remote --verbose
Warning: Failed to watch ref '/home/miapferreira/estudos/terraform/aws-ec2-template/.git/refs/remotes/origin/main', is most likely packed.
> git config --get commit.template
> git show --textconv :variables.tf
> git ls-files --stage -- /home/miapferreira/estudos/terraform/aws-ec2-template/variables.tf
> git show --textconv :vpc.tf
> git ls-files --stage -- /home/miapferreira/estudos/terraform/aws-ec2-template/vpc.tf
> git show --textconv :ec2.tf
> git ls-files --stage -- /home/miapferreira/estudos/terraform/aws-ec2-template/ec2.tf
> git show --textconv :variables.tf
> git ls-files --stage -- /home/miapferreira/estudos/terraform/aws-ec2-template/variables.tf
> git show --textconv :provider.tf
> git ls-files --stage -- /home/miapferreira/estudos/terraform/aws-ec2-template/provider.tf
> git show --textconv :variables.tf
> git ls-files --stage -- /home/miapferreira/estudos/terraform/aws-ec2-template/variables.tf
> git status -z -u
> git symbolic-ref --short HEAD
> git for-each-ref --format=%(refname)%00%(upstream:short)%00%(upstream:track)%00%(objectname) refs/heads/main refs/remotes/main
> git for-each-ref --sort -committerdate --format %(refname) %(objectname) %(*objectname)
> git remote --verbose
Warning: Failed to watch ref '/home/miapferreira/estudos/terraform/aws-ec2-template/.git/refs/remotes/origin/main', is most likely packed.
> git config --get commit.template
> git show --textconv :ec2.tf
> git ls-files --stage -- /home/miapferreira/estudos/terraform/aws-ec2-template/ec2.tf
> git show --textconv :security-group.tf
> git ls-files --stage -- /home/miapferreira/estudos/terraform/aws-ec2-template/security-group.tf
> git status -z -u
> git symbolic-ref --short HEAD
> git for-each-ref --format=%(refname)%00%(upstream:short)%00%(upstream:track)%00%(objectname) refs/heads/main refs/remotes/main
> git for-each-ref --sort -committerdate --format %(refname) %(objectname) %(*objectname)
> git remote --verbose
Warning: Failed to watch ref '/home/miapferreira/estudos/terraform/aws-ec2-template/.git/refs/remotes/origin/main', is most likely packed.
> git config --get commit.template
> git show --textconv :ec2.tf
> git ls-files --stage -- /home/miapferreira/estudos/terraform/aws-ec2-template/ec2.tf
> git show --textconv :vpc.tf
> git ls-files --stage -- /home/miapferreira/estudos/terraform/aws-ec2-template/vpc.tf
> git show --textconv :ec2.tf
> git ls-files --stage -- /home/miapferreira/estudos/terraform/aws-ec2-template/ec2.tf
> git show --textconv :data.tf
> git ls-files --stage -- /home/miapferreira/estudos/terraform/aws-ec2-template/data.tf
> git status -z -u
> git symbolic-ref --short HEAD
> git for-each-ref --format=%(refname)%00%(upstream:short)%00%(upstream:track)%00%(objectname) refs/heads/main refs/remotes/main
> git for-each-ref --sort -committerdate --format %(refname) %(objectname) %(*objectname)
> git remote --verbose
Warning: Failed to watch ref '/home/miapferreira/estudos/terraform/aws-ec2-template/.git/refs/remotes/origin/main', is most likely packed.
> git config --get commit.template
> git show --textconv :ec2.tf
> git ls-files --stage -- /home/miapferreira/estudos/terraform/aws-ec2-template/ec2.tf
> git status -z -u
> git symbolic-ref --short HEAD
> git for-each-ref --format=%(refname)%00%(upstream:short)%00%(upstream:track)%00%(objectname) refs/heads/main refs/remotes/main
> git for-each-ref --sort -committerdate --format %(refname) %(objectname) %(*objectname)
> git remote --verbose
Warning: Failed to watch ref '/home/miapferreira/estudos/terraform/aws-ec2-template/.git/refs/remotes/origin/main', is most likely packed.
> git config --get commit.template
> git show --textconv :provider.tf
> git ls-files --stage -- /home/miapferreira/estudos/terraform/aws-ec2-template/provider.tf
> git show --textconv :security-group.tf
> git ls-files --stage -- /home/miapferreira/estudos/terraform/aws-ec2-template/security-group.tf
> git show --textconv :variables.tf
> git ls-files --stage -- /home/miapferreira/estudos/terraform/aws-ec2-template/variables.tf
> git show --textconv :vpc.tf
> git ls-files --stage -- /home/miapferreira/estudos/terraform/aws-ec2-template/vpc.tf
> git show --textconv :data.tf
> git ls-files --stage -- /home/miapferreira/estudos/terraform/aws-ec2-template/data.tf
> git show --textconv :ec2.tf
> git ls-files --stage -- /home/miapferreira/estudos/terraform/aws-ec2-template/ec2.tf
> git show --textconv :provider.tf
> git ls-files --stage -- /home/miapferreira/estudos/terraform/aws-ec2-template/provider.tf
> git show --textconv :ec2.tf
> git ls-files --stage -- /home/miapferreira/estudos/terraform/aws-ec2-template/ec2.tf
> git status -z -u
> git symbolic-ref --short HEAD
> git for-each-ref --format=%(refname)%00%(upstream:short)%00%(upstream:track)%00%(objectname) refs/heads/main refs/remotes/main
> git for-each-ref --sort -committerdate --format %(refname) %(objectname) %(*objectname)
> git remote --verbose
Warning: Failed to watch ref '/home/miapferreira/estudos/terraform/aws-ec2-template/.git/refs/remotes/origin/main', is most likely packed.
> git config --get commit.template
> git check-ignore -v -z --stdin
> git status -z -u
> git symbolic-ref --short HEAD
> git for-each-ref --format=%(refname)%00%(upstream:short)%00%(upstream:track)%00%(objectname) refs/heads/main refs/remotes/main
> git for-each-ref --sort -committerdate --format %(refname) %(objectname) %(*objectname)
> git remote --verbose
Warning: Failed to watch ref '/home/miapferreira/estudos/terraform/aws-ec2-template/.git/refs/remotes/origin/main', is most likely packed.
> git config --get commit.template
> git status -z -u
> git check-ignore -v -z --stdin
> git symbolic-ref --short HEAD
> git for-each-ref --format=%(refname)%00%(upstream:short)%00%(upstream:track)%00%(objectname) refs/heads/main refs/remotes/main
> git for-each-ref --sort -committerdate --format %(refname) %(objectname) %(*objectname)
> git remote --verbose
Warning: Failed to watch ref '/home/miapferreira/estudos/terraform/aws-ec2-template/.git/refs/remotes/origin/main', is most likely packed.
> git config --get commit.template
> git show --textconv :variables.tf
> git ls-files --stage -- /home/miapferreira/estudos/terraform/aws-ec2-template/variables.tf
> git show --textconv :.gitignore
> git ls-files --stage -- /home/miapferreira/estudos/terraform/aws-ec2-template/.gitignore
> git cat-file -s 7a3e2fd0945d0099d4f7604518b7e863c57069c0
> git show --textconv :variables.tf
> git ls-files --stage -- /home/miapferreira/estudos/terraform/aws-ec2-template/variables.tf
> git show --textconv :provider.tf
> git ls-files --stage -- /home/miapferreira/estudos/terraform/aws-ec2-template/provider.tf
> git show --textconv :variables.tf
> git ls-files --stage -- /home/miapferreira/estudos/terraform/aws-ec2-template/variables.tf
> git show --textconv :ec2.tf
> git ls-files --stage -- /home/miapferreira/estudos/terraform/aws-ec2-template/ec2.tf
> git show --textconv :provider.tf
> git ls-files --stage -- /home/miapferreira/estudos/terraform/aws-ec2-template/provider.tf
> git show --textconv :variables.tf
> git ls-files --stage -- /home/miapferreira/estudos/terraform/aws-ec2-template/variables.tf
> git status -z -u
> git symbolic-ref --short HEAD
> git for-each-ref --format=%(refname)%00%(upstream:short)%00%(upstream:track)%00%(objectname) refs/heads/main refs/remotes/main
> git for-each-ref --sort -committerdate --format %(refname) %(objectname) %(*objectname)
> git remote --verbose
Warning: Failed to watch ref '/home/miapferreira/estudos/terraform/aws-ec2-template/.git/refs/remotes/origin/main', is most likely packed.
> git config --get commit.template
> git show --textconv :security-group.tf
> git ls-files --stage -- /home/miapferreira/estudos/terraform/aws-ec2-template/security-group.tf
> git show --textconv :vpc.tf
> git ls-files --stage -- /home/miapferreira/estudos/terraform/aws-ec2-template/vpc.tf
> git status -z -u
> git symbolic-ref --short HEAD
> git for-each-ref --format=%(refname)%00%(upstream:short)%00%(upstream:track)%00%(objectname) refs/heads/main refs/remotes/main
> git for-each-ref --sort -committerdate --format %(refname) %(objectname) %(*objectname)
> git remote --verbose
Warning: Failed to watch ref '/home/miapferreira/estudos/terraform/aws-ec2-template/.git/refs/remotes/origin/main', is most likely packed.
> git config --get commit.template
> git show --textconv :provider.tf
> git ls-files --stage -- /home/miapferreira/estudos/terraform/aws-ec2-template/provider.tf
> git show --textconv :variables.tf
> git ls-files --stage -- /home/miapferreira/estudos/terraform/aws-ec2-template/variables.tf
> git show --textconv :provider.tf
> git ls-files --stage -- /home/miapferreira/estudos/terraform/aws-ec2-template/provider.tf
> git show --textconv :variables.tf
> git ls-files --stage -- /home/miapferreira/estudos/terraform/aws-ec2-template/variables.tf
> git status -z -u
> git symbolic-ref --short HEAD
> git for-each-ref --format=%(refname)%00%(upstream:short)%00%(upstream:track)%00%(objectname) refs/heads/main refs/remotes/main
> git for-each-ref --sort -committerdate --format %(refname) %(objectname) %(*objectname)
> git remote --verbose
Warning: Failed to watch ref '/home/miapferreira/estudos/terraform/aws-ec2-template/.git/refs/remotes/origin/main', is most likely packed.
> git config --get commit.template
> git show --textconv :vpc.tf
> git ls-files --stage -- /home/miapferreira/estudos/terraform/aws-ec2-template/vpc.tf
> git show --textconv :provider.tf
> git ls-files --stage -- /home/miapferreira/estudos/terraform/aws-ec2-template/provider.tf
> git show --textconv :variables.tf
> git ls-files --stage -- /home/miapferreira/estudos/terraform/aws-ec2-template/variables.tf
> git show --textconv :provider.tf
> git ls-files --stage -- /home/miapferreira/estudos/terraform/aws-ec2-template/provider.tf
> git status -z -u
> git symbolic-ref --short HEAD
> git for-each-ref --format=%(refname)%00%(upstream:short)%00%(upstream:track)%00%(objectname) refs/heads/main refs/remotes/main
> git for-each-ref --sort -committerdate --format %(refname) %(objectname) %(*objectname)
> git remote --verbose
Warning: Failed to watch ref '/home/miapferreira/estudos/terraform/aws-ec2-template/.git/refs/remotes/origin/main', is most likely packed.
> git config --get commit.template
> git show --textconv :ec2.tf
> git ls-files --stage -- /home/miapferreira/estudos/terraform/aws-ec2-template/ec2.tf
> git show --textconv :data.tf
> git ls-files --stage -- /home/miapferreira/estudos/terraform/aws-ec2-template/data.tf
> git show --textconv :ec2.tf
> git ls-files --stage -- /home/miapferreira/estudos/terraform/aws-ec2-template/ec2.tf
> git show --textconv :provider.tf
> git ls-files --stage -- /home/miapferreira/estudos/terraform/aws-ec2-template/provider.tf
> git show --textconv :variables.tf
> git ls-files --stage -- /home/miapferreira/estudos/terraform/aws-ec2-template/variables.tf
